<?xml version="1.0" encoding="UTF-8"?>
<!-- Generated by org.testng.reporters.JUnitReportReporter -->
<testsuite hostname="DESKTOP-KP79OHH" name="com.automation.eCom.scripts.Register" tests="1" failures="0" timestamp="20 May 2017 18:54:38 GMT" time="20.609" errors="0">
  <testcase name="executeTest" time="20.609" classname="com.automation.eCom.scripts.Register"/>
</testsuite> <!-- com.automation.eCom.scripts.Register -->
